  BackGround.cpp
C:\Users\SGA\Desktop\Portfolio\Por_Cookie\BackGround.cpp(42,16): warning C4244: '인수': 'float'에서 'int'(으)로 변환하면서 데이터가 손실될 수 있습니다.
C:\Users\SGA\Desktop\Portfolio\Por_Cookie\BackGround.cpp(41,16): warning C4244: '인수': 'float'에서 'int'(으)로 변환하면서 데이터가 손실될 수 있습니다.
C:\Users\SGA\Desktop\Portfolio\Por_Cookie\BackGround.cpp(39,33): warning C4244: '인수': 'float'에서 'int'(으)로 변환하면서 데이터가 손실될 수 있습니다.
C:\Users\SGA\Desktop\Portfolio\Por_Cookie\BackGround.cpp(38,37): warning C4244: '인수': 'float'에서 'int'(으)로 변환하면서 데이터가 손실될 수 있습니다.
C:\Users\SGA\Desktop\Portfolio\Por_Cookie\BackGround.cpp(37,29): warning C4244: '인수': 'float'에서 'int'(으)로 변환하면서 데이터가 손실될 수 있습니다.
C:\Users\SGA\Desktop\Portfolio\Por_Cookie\BackGround.cpp(36,29): warning C4244: '인수': 'float'에서 'int'(으)로 변환하면서 데이터가 손실될 수 있습니다.
  Bitmap.cpp
  BitmapManager.cpp
  CollisionManager.cpp
  Ground.cpp
C:\Users\SGA\Desktop\Portfolio\Por_Cookie\Ground.cpp(47,16): warning C4244: '인수': 'float'에서 'int'(으)로 변환하면서 데이터가 손실될 수 있습니다.
C:\Users\SGA\Desktop\Portfolio\Por_Cookie\Ground.cpp(46,16): warning C4244: '인수': 'float'에서 'int'(으)로 변환하면서 데이터가 손실될 수 있습니다.
C:\Users\SGA\Desktop\Portfolio\Por_Cookie\Ground.cpp(44,37): warning C4244: '인수': 'float'에서 'int'(으)로 변환하면서 데이터가 손실될 수 있습니다.
C:\Users\SGA\Desktop\Portfolio\Por_Cookie\Ground.cpp(43,37): warning C4244: '인수': 'float'에서 'int'(으)로 변환하면서 데이터가 손실될 수 있습니다.
C:\Users\SGA\Desktop\Portfolio\Por_Cookie\Ground.cpp(42,29): warning C4244: '인수': 'float'에서 'int'(으)로 변환하면서 데이터가 손실될 수 있습니다.
C:\Users\SGA\Desktop\Portfolio\Por_Cookie\Ground.cpp(41,29): warning C4244: '인수': 'float'에서 'int'(으)로 변환하면서 데이터가 손실될 수 있습니다.
  HPBar.cpp
C:\Users\SGA\Desktop\Portfolio\Por_Cookie\HPBar.cpp(64,16): warning C4244: '인수': 'float'에서 'int'(으)로 변환하면서 데이터가 손실될 수 있습니다.
C:\Users\SGA\Desktop\Portfolio\Por_Cookie\HPBar.cpp(63,16): warning C4244: '인수': 'float'에서 'int'(으)로 변환하면서 데이터가 손실될 수 있습니다.
C:\Users\SGA\Desktop\Portfolio\Por_Cookie\HPBar.cpp(61,55): warning C4244: '인수': 'float'에서 'int'(으)로 변환하면서 데이터가 손실될 수 있습니다.
C:\Users\SGA\Desktop\Portfolio\Por_Cookie\HPBar.cpp(60,55): warning C4244: '인수': 'float'에서 'int'(으)로 변환하면서 데이터가 손실될 수 있습니다.
C:\Users\SGA\Desktop\Portfolio\Por_Cookie\HPBar.cpp(59,29): warning C4244: '인수': 'float'에서 'int'(으)로 변환하면서 데이터가 손실될 수 있습니다.
C:\Users\SGA\Desktop\Portfolio\Por_Cookie\HPBar.cpp(58,29): warning C4244: '인수': 'float'에서 'int'(으)로 변환하면서 데이터가 손실될 수 있습니다.
  InputManager.cpp
  Jelly.cpp
C:\Users\SGA\Desktop\Portfolio\Por_Cookie\Jelly.cpp(48,10): warning C4244: '인수': 'float'에서 'int'(으)로 변환하면서 데이터가 손실될 수 있습니다.
C:\Users\SGA\Desktop\Portfolio\Por_Cookie\Jelly.cpp(47,10): warning C4244: '인수': 'float'에서 'int'(으)로 변환하면서 데이터가 손실될 수 있습니다.
C:\Users\SGA\Desktop\Portfolio\Por_Cookie\Jelly.cpp(45,48): warning C4244: '인수': 'float'에서 'int'(으)로 변환하면서 데이터가 손실될 수 있습니다.
C:\Users\SGA\Desktop\Portfolio\Por_Cookie\Jelly.cpp(44,48): warning C4244: '인수': 'float'에서 'int'(으)로 변환하면서 데이터가 손실될 수 있습니다.
C:\Users\SGA\Desktop\Portfolio\Por_Cookie\Jelly.cpp(43,23): warning C4244: '인수': 'float'에서 'int'(으)로 변환하면서 데이터가 손실될 수 있습니다.
C:\Users\SGA\Desktop\Portfolio\Por_Cookie\Jelly.cpp(42,23): warning C4244: '인수': 'float'에서 'int'(으)로 변환하면서 데이터가 손실될 수 있습니다.
  Logo.cpp
  MainUpdate.cpp
  Menu.cpp
  Object.cpp
  ObjectManager.cpp
  Obstacle1.cpp
C:\Users\SGA\Desktop\Portfolio\Por_Cookie\Obstacle1.cpp(45,10): warning C4244: '인수': 'float'에서 'int'(으)로 변환하면서 데이터가 손실될 수 있습니다.
C:\Users\SGA\Desktop\Portfolio\Por_Cookie\Obstacle1.cpp(44,10): warning C4244: '인수': 'float'에서 'int'(으)로 변환하면서 데이터가 손실될 수 있습니다.
C:\Users\SGA\Desktop\Portfolio\Por_Cookie\Obstacle1.cpp(42,49): warning C4244: '인수': 'float'에서 'int'(으)로 변환하면서 데이터가 손실될 수 있습니다.
C:\Users\SGA\Desktop\Portfolio\Por_Cookie\Obstacle1.cpp(41,49): warning C4244: '인수': 'float'에서 'int'(으)로 변환하면서 데이터가 손실될 수 있습니다.
C:\Users\SGA\Desktop\Portfolio\Por_Cookie\Obstacle1.cpp(40,23): warning C4244: '인수': 'float'에서 'int'(으)로 변환하면서 데이터가 손실될 수 있습니다.
C:\Users\SGA\Desktop\Portfolio\Por_Cookie\Obstacle1.cpp(39,23): warning C4244: '인수': 'float'에서 'int'(으)로 변환하면서 데이터가 손실될 수 있습니다.
  Obstacle2.cpp
C:\Users\SGA\Desktop\Portfolio\Por_Cookie\Obstacle2.cpp(41,10): warning C4244: '인수': 'float'에서 'int'(으)로 변환하면서 데이터가 손실될 수 있습니다.
C:\Users\SGA\Desktop\Portfolio\Por_Cookie\Obstacle2.cpp(40,10): warning C4244: '인수': 'float'에서 'int'(으)로 변환하면서 데이터가 손실될 수 있습니다.
C:\Users\SGA\Desktop\Portfolio\Por_Cookie\Obstacle2.cpp(38,49): warning C4244: '인수': 'float'에서 'int'(으)로 변환하면서 데이터가 손실될 수 있습니다.
C:\Users\SGA\Desktop\Portfolio\Por_Cookie\Obstacle2.cpp(37,49): warning C4244: '인수': 'float'에서 'int'(으)로 변환하면서 데이터가 손실될 수 있습니다.
C:\Users\SGA\Desktop\Portfolio\Por_Cookie\Obstacle2.cpp(36,23): warning C4244: '인수': 'float'에서 'int'(으)로 변환하면서 데이터가 손실될 수 있습니다.
C:\Users\SGA\Desktop\Portfolio\Por_Cookie\Obstacle2.cpp(35,23): warning C4244: '인수': 'float'에서 'int'(으)로 변환하면서 데이터가 손실될 수 있습니다.
  Obstacle3.cpp
C:\Users\SGA\Desktop\Portfolio\Por_Cookie\Obstacle3.cpp(39,10): warning C4244: '인수': 'float'에서 'int'(으)로 변환하면서 데이터가 손실될 수 있습니다.
C:\Users\SGA\Desktop\Portfolio\Por_Cookie\Obstacle3.cpp(38,10): warning C4244: '인수': 'float'에서 'int'(으)로 변환하면서 데이터가 손실될 수 있습니다.
C:\Users\SGA\Desktop\Portfolio\Por_Cookie\Obstacle3.cpp(36,49): warning C4244: '인수': 'float'에서 'int'(으)로 변환하면서 데이터가 손실될 수 있습니다.
C:\Users\SGA\Desktop\Portfolio\Por_Cookie\Obstacle3.cpp(35,49): warning C4244: '인수': 'float'에서 'int'(으)로 변환하면서 데이터가 손실될 수 있습니다.
C:\Users\SGA\Desktop\Portfolio\Por_Cookie\Obstacle3.cpp(34,23): warning C4244: '인수': 'float'에서 'int'(으)로 변환하면서 데이터가 손실될 수 있습니다.
C:\Users\SGA\Desktop\Portfolio\Por_Cookie\Obstacle3.cpp(33,23): warning C4244: '인수': 'float'에서 'int'(으)로 변환하면서 데이터가 손실될 수 있습니다.
  Player.cpp
C:\Users\SGA\Desktop\Portfolio\Por_Cookie\Player.cpp(85,83): warning C4244: '+=': 'float'에서 'LONG'(으)로 변환하면서 데이터가 손실될 수 있습니다.
C:\Users\SGA\Desktop\Portfolio\Por_Cookie\Player.cpp(86,86): warning C4244: '+=': 'float'에서 'LONG'(으)로 변환하면서 데이터가 손실될 수 있습니다.
  Por_Cookie.cpp
  Scene.cpp
  SceneManager.cpp
  코드를 생성하고 있습니다...
  컴파일하고 있습니다...
  SliverCoin.cpp
C:\Users\SGA\Desktop\Portfolio\Por_Cookie\SliverCoin.cpp(38,10): warning C4244: '인수': 'float'에서 'int'(으)로 변환하면서 데이터가 손실될 수 있습니다.
C:\Users\SGA\Desktop\Portfolio\Por_Cookie\SliverCoin.cpp(37,10): warning C4244: '인수': 'float'에서 'int'(으)로 변환하면서 데이터가 손실될 수 있습니다.
C:\Users\SGA\Desktop\Portfolio\Por_Cookie\SliverCoin.cpp(35,49): warning C4244: '인수': 'float'에서 'int'(으)로 변환하면서 데이터가 손실될 수 있습니다.
C:\Users\SGA\Desktop\Portfolio\Por_Cookie\SliverCoin.cpp(34,49): warning C4244: '인수': 'float'에서 'int'(으)로 변환하면서 데이터가 손실될 수 있습니다.
C:\Users\SGA\Desktop\Portfolio\Por_Cookie\SliverCoin.cpp(33,23): warning C4244: '인수': 'float'에서 'int'(으)로 변환하면서 데이터가 손실될 수 있습니다.
C:\Users\SGA\Desktop\Portfolio\Por_Cookie\SliverCoin.cpp(32,23): warning C4244: '인수': 'float'에서 'int'(으)로 변환하면서 데이터가 손실될 수 있습니다.
  Stage.cpp
  코드를 생성하고 있습니다...
  Por_Cookie.vcxproj -> C:\Users\SGA\Desktop\Portfolio\Debug\Por_Cookie.exe
